[2022-05-30 17:02:05,312] INFO [Controller id=1] Processing automatic preferred replica leader election (kafka.controller.KafkaController)
[2022-05-30 17:02:05,330] TRACE [Controller id=1] Checking need to trigger auto leader balancing (kafka.controller.KafkaController)
[2022-05-30 17:02:05,338] DEBUG [Controller id=1] Topics not in preferred replica for broker 1 HashMap() (kafka.controller.KafkaController)
[2022-05-30 17:02:05,338] TRACE [Controller id=1] Leader imbalance ratio for broker 1 is 0.0 (kafka.controller.KafkaController)
[2022-05-30 17:02:05,338] DEBUG [Controller id=1] Topics not in preferred replica for broker 2 HashMap() (kafka.controller.KafkaController)
[2022-05-30 17:02:05,338] TRACE [Controller id=1] Leader imbalance ratio for broker 2 is 0.0 (kafka.controller.KafkaController)
[2022-05-30 17:02:05,339] DEBUG [Controller id=1] Topics not in preferred replica for broker 3 HashMap() (kafka.controller.KafkaController)
[2022-05-30 17:02:05,339] TRACE [Controller id=1] Leader imbalance ratio for broker 3 is 0.0 (kafka.controller.KafkaController)
[2022-05-30 17:07:05,349] INFO [Controller id=1] Processing automatic preferred replica leader election (kafka.controller.KafkaController)
[2022-05-30 17:07:05,350] TRACE [Controller id=1] Checking need to trigger auto leader balancing (kafka.controller.KafkaController)
[2022-05-30 17:07:05,350] DEBUG [Controller id=1] Topics not in preferred replica for broker 1 HashMap() (kafka.controller.KafkaController)
[2022-05-30 17:07:05,350] TRACE [Controller id=1] Leader imbalance ratio for broker 1 is 0.0 (kafka.controller.KafkaController)
[2022-05-30 17:07:05,350] DEBUG [Controller id=1] Topics not in preferred replica for broker 2 HashMap() (kafka.controller.KafkaController)
[2022-05-30 17:07:05,350] TRACE [Controller id=1] Leader imbalance ratio for broker 2 is 0.0 (kafka.controller.KafkaController)
[2022-05-30 17:07:05,350] DEBUG [Controller id=1] Topics not in preferred replica for broker 3 HashMap() (kafka.controller.KafkaController)
[2022-05-30 17:07:05,350] TRACE [Controller id=1] Leader imbalance ratio for broker 3 is 0.0 (kafka.controller.KafkaController)
[2022-05-30 17:07:51,521] INFO [Controller id=1] New topics: [Set(topic-ideal)], deleted topics: [HashSet()], new partition replica assignment [Set(TopicIdReplicaAssignment(topic-ideal,Some(mfNzcXrPRHC7WVCsR3-Fbw),Map(topic-ideal-0 -> ReplicaAssignment(replicas=2, addingReplicas=, removingReplicas=))))] (kafka.controller.KafkaController)
[2022-05-30 17:07:51,523] INFO [Controller id=1] New partition creation callback for topic-ideal-0 (kafka.controller.KafkaController)
[2022-05-30 17:07:51,593] INFO [RequestSendThread controllerId=1] Controller 1 connected to localhost:9003 (id: 3 rack: null) for sending state change requests (kafka.controller.RequestSendThread)
[2022-05-30 17:07:51,593] INFO [RequestSendThread controllerId=1] Controller 1 connected to localhost:9002 (id: 2 rack: null) for sending state change requests (kafka.controller.RequestSendThread)
[2022-05-30 17:07:51,593] INFO [RequestSendThread controllerId=1] Controller 1 connected to localhost:9001 (id: 1 rack: null) for sending state change requests (kafka.controller.RequestSendThread)
[2022-05-30 17:12:05,364] INFO [Controller id=1] Processing automatic preferred replica leader election (kafka.controller.KafkaController)
[2022-05-30 17:12:05,365] TRACE [Controller id=1] Checking need to trigger auto leader balancing (kafka.controller.KafkaController)
[2022-05-30 17:12:05,366] DEBUG [Controller id=1] Topics not in preferred replica for broker 1 HashMap() (kafka.controller.KafkaController)
[2022-05-30 17:12:05,366] TRACE [Controller id=1] Leader imbalance ratio for broker 1 is 0.0 (kafka.controller.KafkaController)
[2022-05-30 17:12:05,366] DEBUG [Controller id=1] Topics not in preferred replica for broker 2 HashMap() (kafka.controller.KafkaController)
[2022-05-30 17:12:05,366] TRACE [Controller id=1] Leader imbalance ratio for broker 2 is 0.0 (kafka.controller.KafkaController)
[2022-05-30 17:12:05,366] DEBUG [Controller id=1] Topics not in preferred replica for broker 3 HashMap() (kafka.controller.KafkaController)
[2022-05-30 17:12:05,367] TRACE [Controller id=1] Leader imbalance ratio for broker 3 is 0.0 (kafka.controller.KafkaController)
[2022-05-30 17:17:05,379] INFO [Controller id=1] Processing automatic preferred replica leader election (kafka.controller.KafkaController)
[2022-05-30 17:17:05,381] TRACE [Controller id=1] Checking need to trigger auto leader balancing (kafka.controller.KafkaController)
[2022-05-30 17:17:05,383] DEBUG [Controller id=1] Topics not in preferred replica for broker 1 HashMap() (kafka.controller.KafkaController)
[2022-05-30 17:17:05,383] TRACE [Controller id=1] Leader imbalance ratio for broker 1 is 0.0 (kafka.controller.KafkaController)
[2022-05-30 17:17:05,383] DEBUG [Controller id=1] Topics not in preferred replica for broker 2 HashMap() (kafka.controller.KafkaController)
[2022-05-30 17:17:05,383] TRACE [Controller id=1] Leader imbalance ratio for broker 2 is 0.0 (kafka.controller.KafkaController)
[2022-05-30 17:17:05,383] DEBUG [Controller id=1] Topics not in preferred replica for broker 3 HashMap() (kafka.controller.KafkaController)
[2022-05-30 17:17:05,383] TRACE [Controller id=1] Leader imbalance ratio for broker 3 is 0.0 (kafka.controller.KafkaController)
[2022-05-30 17:18:36,888] INFO [Controller id=1] New topics: [HashSet(topic-test)], deleted topics: [HashSet()], new partition replica assignment [Set(TopicIdReplicaAssignment(topic-test,Some(bxQ7nLKER5aYxqP9BAdzJQ),Map(topic-test-0 -> ReplicaAssignment(replicas=3, addingReplicas=, removingReplicas=))))] (kafka.controller.KafkaController)
[2022-05-30 17:18:36,888] INFO [Controller id=1] New partition creation callback for topic-test-0 (kafka.controller.KafkaController)
[2022-05-30 17:18:36,909] INFO [RequestSendThread controllerId=1] Controller 1 connected to localhost:9002 (id: 2 rack: null) for sending state change requests (kafka.controller.RequestSendThread)
[2022-05-30 17:18:36,910] INFO [RequestSendThread controllerId=1] Controller 1 connected to localhost:9001 (id: 1 rack: null) for sending state change requests (kafka.controller.RequestSendThread)
[2022-05-30 17:18:36,909] INFO [RequestSendThread controllerId=1] Controller 1 connected to localhost:9003 (id: 3 rack: null) for sending state change requests (kafka.controller.RequestSendThread)
[2022-05-30 17:22:05,394] INFO [Controller id=1] Processing automatic preferred replica leader election (kafka.controller.KafkaController)
[2022-05-30 17:22:05,394] TRACE [Controller id=1] Checking need to trigger auto leader balancing (kafka.controller.KafkaController)
[2022-05-30 17:22:05,396] DEBUG [Controller id=1] Topics not in preferred replica for broker 1 HashMap() (kafka.controller.KafkaController)
[2022-05-30 17:22:05,396] TRACE [Controller id=1] Leader imbalance ratio for broker 1 is 0.0 (kafka.controller.KafkaController)
[2022-05-30 17:22:05,396] DEBUG [Controller id=1] Topics not in preferred replica for broker 2 HashMap() (kafka.controller.KafkaController)
[2022-05-30 17:22:05,396] TRACE [Controller id=1] Leader imbalance ratio for broker 2 is 0.0 (kafka.controller.KafkaController)
[2022-05-30 17:22:05,396] DEBUG [Controller id=1] Topics not in preferred replica for broker 3 HashMap() (kafka.controller.KafkaController)
[2022-05-30 17:22:05,396] TRACE [Controller id=1] Leader imbalance ratio for broker 3 is 0.0 (kafka.controller.KafkaController)
