[2022-05-30 15:19:03,197] INFO Shutting down the log cleaner. (kafka.log.LogCleaner)
[2022-05-30 15:19:03,198] INFO [kafka-log-cleaner-thread-0]: Shutting down (kafka.log.LogCleaner)
[2022-05-30 15:19:03,200] INFO [kafka-log-cleaner-thread-0]: Stopped (kafka.log.LogCleaner)
[2022-05-30 15:19:03,200] INFO [kafka-log-cleaner-thread-0]: Shutdown completed (kafka.log.LogCleaner)
[2022-05-30 15:24:44,228] INFO Starting the log cleaner (kafka.log.LogCleaner)
[2022-05-30 15:24:44,332] INFO [kafka-log-cleaner-thread-0]: Starting (kafka.log.LogCleaner)
[2022-05-30 15:25:04,269] INFO Starting the log cleaner (kafka.log.LogCleaner)
[2022-05-30 15:25:04,357] INFO [kafka-log-cleaner-thread-0]: Starting (kafka.log.LogCleaner)
[2022-05-30 15:25:12,291] INFO Starting the log cleaner (kafka.log.LogCleaner)
[2022-05-30 15:25:12,439] INFO [kafka-log-cleaner-thread-0]: Starting (kafka.log.LogCleaner)
[2022-05-30 15:26:12,471] ERROR Failed to access checkpoint file cleaner-offset-checkpoint in dir /tmp/kafka/kafka-logs3 (kafka.log.LogCleaner)
org.apache.kafka.common.errors.KafkaStorageException: Error while reading checkpoint file /tmp/kafka/kafka-logs3/cleaner-offset-checkpoint
Caused by: java.nio.file.NoSuchFileException: /tmp/kafka/kafka-logs3/cleaner-offset-checkpoint
	at sun.nio.fs.UnixException.translateToIOException(UnixException.java:86)
	at sun.nio.fs.UnixException.rethrowAsIOException(UnixException.java:102)
	at sun.nio.fs.UnixException.rethrowAsIOException(UnixException.java:107)
	at sun.nio.fs.UnixFileSystemProvider.newByteChannel(UnixFileSystemProvider.java:214)
	at java.nio.file.Files.newByteChannel(Files.java:361)
	at java.nio.file.Files.newByteChannel(Files.java:407)
	at java.nio.file.spi.FileSystemProvider.newInputStream(FileSystemProvider.java:384)
	at java.nio.file.Files.newInputStream(Files.java:152)
	at java.nio.file.Files.newBufferedReader(Files.java:2784)
	at java.nio.file.Files.newBufferedReader(Files.java:2816)
	at org.apache.kafka.server.common.CheckpointFile.read(CheckpointFile.java:104)
	at kafka.server.checkpoints.CheckpointFileWithFailureHandler.read(CheckpointFileWithFailureHandler.scala:48)
	at kafka.server.checkpoints.OffsetCheckpointFile.read(OffsetCheckpointFile.scala:70)
	at kafka.log.LogCleanerManager.$anonfun$allCleanerCheckpoints$2(LogCleanerManager.scala:136)
	at scala.collection.Iterator$$anon$10.nextCur(Iterator.scala:587)
	at scala.collection.Iterator$$anon$10.hasNext(Iterator.scala:601)
	at scala.collection.immutable.List.prependedAll(List.scala:152)
	at scala.collection.immutable.List$.from(List.scala:684)
	at scala.collection.immutable.List$.from(List.scala:681)
	at scala.collection.IterableFactory$Delegate.from(Factory.scala:288)
	at scala.collection.immutable.Iterable$.from(Iterable.scala:35)
	at scala.collection.immutable.Iterable$.from(Iterable.scala:32)
	at scala.collection.IterableFactory$Delegate.from(Factory.scala:288)
	at scala.collection.IterableOps.flatMap(Iterable.scala:677)
	at scala.collection.IterableOps.flatMap$(Iterable.scala:677)
	at scala.collection.AbstractIterable.flatMap(Iterable.scala:926)
	at kafka.log.LogCleanerManager.$anonfun$allCleanerCheckpoints$1(LogCleanerManager.scala:134)
	at kafka.log.LogCleanerManager.allCleanerCheckpoints(LogCleanerManager.scala:142)
	at kafka.log.LogCleanerManager.$anonfun$grabFilthiestCompactedLog$1(LogCleanerManager.scala:173)
	at kafka.log.LogCleanerManager.grabFilthiestCompactedLog(LogCleanerManager.scala:170)
	at kafka.log.LogCleaner$CleanerThread.cleanFilthiestLog(LogCleaner.scala:349)
	at kafka.log.LogCleaner$CleanerThread.tryCleanFilthiestLog(LogCleaner.scala:336)
	at kafka.log.LogCleaner$CleanerThread.doWork(LogCleaner.scala:323)
	at kafka.utils.ShutdownableThread.run(ShutdownableThread.scala:96)
[2022-05-30 15:26:14,303] ERROR Failed to access checkpoint file cleaner-offset-checkpoint in dir /tmp/kafka/kafka-logs1 (kafka.log.LogCleaner)
org.apache.kafka.common.errors.KafkaStorageException: Error while reading checkpoint file /tmp/kafka/kafka-logs1/cleaner-offset-checkpoint
Caused by: java.nio.file.NoSuchFileException: /tmp/kafka/kafka-logs1/cleaner-offset-checkpoint
	at sun.nio.fs.UnixException.translateToIOException(UnixException.java:86)
	at sun.nio.fs.UnixException.rethrowAsIOException(UnixException.java:102)
	at sun.nio.fs.UnixException.rethrowAsIOException(UnixException.java:107)
	at sun.nio.fs.UnixFileSystemProvider.newByteChannel(UnixFileSystemProvider.java:214)
	at java.nio.file.Files.newByteChannel(Files.java:361)
	at java.nio.file.Files.newByteChannel(Files.java:407)
	at java.nio.file.spi.FileSystemProvider.newInputStream(FileSystemProvider.java:384)
	at java.nio.file.Files.newInputStream(Files.java:152)
	at java.nio.file.Files.newBufferedReader(Files.java:2784)
	at java.nio.file.Files.newBufferedReader(Files.java:2816)
	at org.apache.kafka.server.common.CheckpointFile.read(CheckpointFile.java:104)
	at kafka.server.checkpoints.CheckpointFileWithFailureHandler.read(CheckpointFileWithFailureHandler.scala:48)
	at kafka.server.checkpoints.OffsetCheckpointFile.read(OffsetCheckpointFile.scala:70)
	at kafka.log.LogCleanerManager.$anonfun$allCleanerCheckpoints$2(LogCleanerManager.scala:136)
	at scala.collection.Iterator$$anon$10.nextCur(Iterator.scala:587)
	at scala.collection.Iterator$$anon$10.hasNext(Iterator.scala:601)
	at scala.collection.immutable.List.prependedAll(List.scala:152)
	at scala.collection.immutable.List$.from(List.scala:684)
	at scala.collection.immutable.List$.from(List.scala:681)
	at scala.collection.IterableFactory$Delegate.from(Factory.scala:288)
	at scala.collection.immutable.Iterable$.from(Iterable.scala:35)
	at scala.collection.immutable.Iterable$.from(Iterable.scala:32)
	at scala.collection.IterableFactory$Delegate.from(Factory.scala:288)
	at scala.collection.IterableOps.flatMap(Iterable.scala:677)
	at scala.collection.IterableOps.flatMap$(Iterable.scala:677)
	at scala.collection.AbstractIterable.flatMap(Iterable.scala:926)
	at kafka.log.LogCleanerManager.$anonfun$allCleanerCheckpoints$1(LogCleanerManager.scala:134)
	at kafka.log.LogCleanerManager.allCleanerCheckpoints(LogCleanerManager.scala:142)
	at kafka.log.LogCleanerManager.$anonfun$grabFilthiestCompactedLog$1(LogCleanerManager.scala:173)
	at kafka.log.LogCleanerManager.grabFilthiestCompactedLog(LogCleanerManager.scala:170)
	at kafka.log.LogCleaner$CleanerThread.cleanFilthiestLog(LogCleaner.scala:349)
	at kafka.log.LogCleaner$CleanerThread.tryCleanFilthiestLog(LogCleaner.scala:336)
	at kafka.log.LogCleaner$CleanerThread.doWork(LogCleaner.scala:323)
	at kafka.utils.ShutdownableThread.run(ShutdownableThread.scala:96)
[2022-05-30 15:26:19,395] ERROR Failed to access checkpoint file cleaner-offset-checkpoint in dir /tmp/kafka/kafka-logs2 (kafka.log.LogCleaner)
org.apache.kafka.common.errors.KafkaStorageException: Error while reading checkpoint file /tmp/kafka/kafka-logs2/cleaner-offset-checkpoint
Caused by: java.nio.file.NoSuchFileException: /tmp/kafka/kafka-logs2/cleaner-offset-checkpoint
	at sun.nio.fs.UnixException.translateToIOException(UnixException.java:86)
	at sun.nio.fs.UnixException.rethrowAsIOException(UnixException.java:102)
	at sun.nio.fs.UnixException.rethrowAsIOException(UnixException.java:107)
	at sun.nio.fs.UnixFileSystemProvider.newByteChannel(UnixFileSystemProvider.java:214)
	at java.nio.file.Files.newByteChannel(Files.java:361)
	at java.nio.file.Files.newByteChannel(Files.java:407)
	at java.nio.file.spi.FileSystemProvider.newInputStream(FileSystemProvider.java:384)
	at java.nio.file.Files.newInputStream(Files.java:152)
	at java.nio.file.Files.newBufferedReader(Files.java:2784)
	at java.nio.file.Files.newBufferedReader(Files.java:2816)
	at org.apache.kafka.server.common.CheckpointFile.read(CheckpointFile.java:104)
	at kafka.server.checkpoints.CheckpointFileWithFailureHandler.read(CheckpointFileWithFailureHandler.scala:48)
	at kafka.server.checkpoints.OffsetCheckpointFile.read(OffsetCheckpointFile.scala:70)
	at kafka.log.LogCleanerManager.$anonfun$allCleanerCheckpoints$2(LogCleanerManager.scala:136)
	at scala.collection.Iterator$$anon$10.nextCur(Iterator.scala:587)
	at scala.collection.Iterator$$anon$10.hasNext(Iterator.scala:601)
	at scala.collection.immutable.List.prependedAll(List.scala:152)
	at scala.collection.immutable.List$.from(List.scala:684)
	at scala.collection.immutable.List$.from(List.scala:681)
	at scala.collection.IterableFactory$Delegate.from(Factory.scala:288)
	at scala.collection.immutable.Iterable$.from(Iterable.scala:35)
	at scala.collection.immutable.Iterable$.from(Iterable.scala:32)
	at scala.collection.IterableFactory$Delegate.from(Factory.scala:288)
	at scala.collection.IterableOps.flatMap(Iterable.scala:677)
	at scala.collection.IterableOps.flatMap$(Iterable.scala:677)
	at scala.collection.AbstractIterable.flatMap(Iterable.scala:926)
	at kafka.log.LogCleanerManager.$anonfun$allCleanerCheckpoints$1(LogCleanerManager.scala:134)
	at kafka.log.LogCleanerManager.allCleanerCheckpoints(LogCleanerManager.scala:142)
	at kafka.log.LogCleanerManager.$anonfun$grabFilthiestCompactedLog$1(LogCleanerManager.scala:173)
	at kafka.log.LogCleanerManager.grabFilthiestCompactedLog(LogCleanerManager.scala:170)
	at kafka.log.LogCleaner$CleanerThread.cleanFilthiestLog(LogCleaner.scala:349)
	at kafka.log.LogCleaner$CleanerThread.tryCleanFilthiestLog(LogCleaner.scala:336)
	at kafka.log.LogCleaner$CleanerThread.doWork(LogCleaner.scala:323)
	at kafka.utils.ShutdownableThread.run(ShutdownableThread.scala:96)
[2022-05-30 15:26:59,061] INFO Starting the log cleaner (kafka.log.LogCleaner)
[2022-05-30 15:26:59,150] INFO [kafka-log-cleaner-thread-0]: Starting (kafka.log.LogCleaner)
[2022-05-30 15:27:03,829] INFO Starting the log cleaner (kafka.log.LogCleaner)
[2022-05-30 15:27:03,907] INFO [kafka-log-cleaner-thread-0]: Starting (kafka.log.LogCleaner)
[2022-05-30 15:27:06,964] INFO Starting the log cleaner (kafka.log.LogCleaner)
[2022-05-30 15:27:07,045] INFO [kafka-log-cleaner-thread-0]: Starting (kafka.log.LogCleaner)
